<?xml version="1.0" encoding="UTF-8"?>
<!-- Generated by org.testng.reporters.JUnitXMLReporter -->
<testsuite ignored="0" hostname="DESKTOP-NS1PU1H" failures="0" tests="5" name="Surefire test" time="0.056" errors="0" timestamp="2023-11-07T00:50:51 GMT-05:00">
  <testcase classname="eee.UserValidationTest" name="testCase1" time="0.013"/>
  <testcase classname="eee.UserValidationTest" name="testCase2" time="0.0"/>
  <testcase classname="eee.UserValidationTest" name="testCase3" time="0.0"/>
  <testcase classname="eee.UserValidationTest" name="testCase4" time="0.0"/>
  <testcase classname="eee.UserValidationTest" name="testCase5" time="0.0"/>
</testsuite> <!-- Surefire test -->
