<?xml version="1.0" encoding="UTF-8"?>
<testng-results ignored="0" total="5" passed="5" failed="0" skipped="0">
  <reporter-output>
  </reporter-output>
  <suite started-at="2023-11-07T00:50:51 GMT-05:00" name="Surefire suite" finished-at="2023-11-07T00:50:51 GMT-05:00" duration-ms="56">
    <groups>
    </groups>
    <test started-at="2023-11-07T00:50:51 GMT-05:00" name="Surefire test" finished-at="2023-11-07T00:50:51 GMT-05:00" duration-ms="56">
      <class name="eee.UserValidationTest">
        <test-method signature="testCase1()[pri:0, instance:eee.UserValidationTest@d21a74c]" started-at="2023-11-07T00:50:51 GMT-05:00" name="testCase1" finished-at="2023-11-07T00:50:51 GMT-05:00" duration-ms="13" status="PASS">
          <reporter-output>
          </reporter-output>
        </test-method> <!-- testCase1 -->
        <test-method signature="testCase2()[pri:0, instance:eee.UserValidationTest@d21a74c]" started-at="2023-11-07T00:50:51 GMT-05:00" name="testCase2" finished-at="2023-11-07T00:50:51 GMT-05:00" duration-ms="0" status="PASS">
          <reporter-output>
          </reporter-output>
        </test-method> <!-- testCase2 -->
        <test-method signature="testCase3()[pri:0, instance:eee.UserValidationTest@d21a74c]" started-at="2023-11-07T00:50:51 GMT-05:00" name="testCase3" finished-at="2023-11-07T00:50:51 GMT-05:00" duration-ms="0" status="PASS">
          <reporter-output>
          </reporter-output>
        </test-method> <!-- testCase3 -->
        <test-method signature="testCase4()[pri:0, instance:eee.UserValidationTest@d21a74c]" started-at="2023-11-07T00:50:51 GMT-05:00" name="testCase4" finished-at="2023-11-07T00:50:51 GMT-05:00" duration-ms="0" status="PASS">
          <reporter-output>
          </reporter-output>
        </test-method> <!-- testCase4 -->
        <test-method signature="testCase5()[pri:0, instance:eee.UserValidationTest@d21a74c]" started-at="2023-11-07T00:50:51 GMT-05:00" name="testCase5" finished-at="2023-11-07T00:50:51 GMT-05:00" duration-ms="0" status="PASS">
          <reporter-output>
          </reporter-output>
        </test-method> <!-- testCase5 -->
      </class> <!-- eee.UserValidationTest -->
    </test> <!-- Surefire test -->
  </suite> <!-- Surefire suite -->
</testng-results>
